<?xml version="1.0" encoding="UTF-8"?>
<testng-results ignored="0" total="1" passed="1" failed="0" skipped="0">
  <reporter-output>
  </reporter-output>
  <suite started-at="2023-04-25T22:10:25 IST" name="Default suite" finished-at="2023-04-25T22:10:37 IST" duration-ms="11536">
    <groups>
    </groups>
    <test started-at="2023-04-25T22:10:25 IST" name="Default test" finished-at="2023-04-25T22:10:37 IST" duration-ms="11536">
      <class name="TimeTracking.ActiTime.CreateAndDeleteUser">
        <test-method is-config="true" signature="lauchApplication()[pri:0, instance:TimeTracking.ActiTime.CreateAndDeleteUser@130c12b7]" started-at="2023-04-25T22:10:25 IST" name="lauchApplication" finished-at="2023-04-25T22:10:28 IST" duration-ms="2905" status="PASS">
          <reporter-output>
          </reporter-output>
        </test-method> <!-- lauchApplication -->
        <test-method signature="createUser()[pri:0, instance:TimeTracking.ActiTime.CreateAndDeleteUser@130c12b7]" started-at="2023-04-25T22:10:28 IST" name="createUser" finished-at="2023-04-25T22:10:37 IST" duration-ms="8154" status="PASS">
          <reporter-output>
          </reporter-output>
        </test-method> <!-- createUser -->
        <test-method is-config="true" signature="closeBrowser()[pri:0, instance:TimeTracking.ActiTime.CreateAndDeleteUser@130c12b7]" started-at="2023-04-25T22:10:37 IST" name="closeBrowser" finished-at="2023-04-25T22:10:37 IST" duration-ms="433" status="PASS">
          <reporter-output>
          </reporter-output>
        </test-method> <!-- closeBrowser -->
      </class> <!-- TimeTracking.ActiTime.CreateAndDeleteUser -->
    </test> <!-- Default test -->
  </suite> <!-- Default suite -->
</testng-results>
